Jeffrey Walraven - CSIS 434 (1), Spring 2017 - Lexical Analyzer
                   Main Report


==============================================================
| Line No.  | Token               | Lexeme                   |
==============================================================
| 1         | RESERVED_WORD       | BEGIN                    |
|------------------------------------------------------------|
| 2         | RESERVED_WORD       | CHAR                     |
|------------------------------------------------------------|
| 2         | NAME                | a                        |
|------------------------------------------------------------|
| 2         | COMMA               | ,                        |
|------------------------------------------------------------|
| 2         | NAME                | b                        |
|------------------------------------------------------------|
| 3         | RESERVED_WORD       | STRING                   |
|------------------------------------------------------------|
| 3         | NAME                | c                        |
|------------------------------------------------------------|
| 3         | COMMA               | ,                        |
|------------------------------------------------------------|
| 3         | NAME                | d                        |
|------------------------------------------------------------|
| 4         | RESERVED_WORD       | OUTPUT                   |
|------------------------------------------------------------|
| 4         | NAME                | c                        |
|------------------------------------------------------------|
| 5         | RESERVED_WORD       | OUTPUT                   |
|------------------------------------------------------------|
| 5         | QUOTE_MARK          | "                        |
|------------------------------------------------------------|
| 5         | NAME                | hello                    |
|------------------------------------------------------------|

ERROR: Expected opening/closing quote mark '"' at line 5.


Syntax check failed! The syntax of the program is incorrect.


END OF MAIN REPORT