Jeffrey Walraven - CSIS 434 (1), Spring 2017 - Lexical Analyzer
                   Main Report


==============================================================
| Line No.  | Token               | Lexeme                   |
==============================================================
| 1         | RESERVED_WORD       | BEGIN                    |
|------------------------------------------------------------|
| 2         | RESERVED_WORD       | CHAR                     |
|------------------------------------------------------------|
| 2         | VARIABLE            | a                        |
|------------------------------------------------------------|
| 2         | COMMA               | ,                        |
|------------------------------------------------------------|
| 2         | VARIABLE            | b                        |
|------------------------------------------------------------|
| 3         | RESERVED_WORD       | STRING                   |
|------------------------------------------------------------|
| 3         | VARIABLE            | c                        |
|------------------------------------------------------------|
| 3         | COMMA               | ,                        |
|------------------------------------------------------------|
| 3         | VARIABLE            | d                        |
|------------------------------------------------------------|
| 4         | RESERVED_WORD       | OUTPUT                   |
|------------------------------------------------------------|
| 4         | VARIABLE            | c                        |
|------------------------------------------------------------|
| 5         | RESERVED_WORD       | OUTPUT                   |
|------------------------------------------------------------|
| 5         | QUOTE_MARK          | "                        |
|------------------------------------------------------------|
| 5         | STRING_LIT          | hello                    |
|------------------------------------------------------------|
| 5         | QUOTE_MARK          | "                        |
|------------------------------------------------------------|
| 6         | RESERVED_WORD       | END                      |
|------------------------------------------------------------|
| 6         | EOF                 | EOF                      |
|------------------------------------------------------------|

Syntax check completed! The syntax of the program is correct.


END OF MAIN REPORT