Jeffrey Walraven - CSIS 434 (1), Spring 2017 - Lexical Analyzer
                   Main Report


==============================================================
| Line No.  | Token               | Lexeme                   |
==============================================================
| 1         | LEFT_PAREN          | (                        |
|------------------------------------------------------------|
| 1         | IDENT               | (sum                     |
|------------------------------------------------------------|
| 1         | ADD_OP              | (sum+                    |
|------------------------------------------------------------|
| 1         | INT_LIT             | (sum+47                  |
|------------------------------------------------------------|
| 1         | RIGHT_PAREN         | (sum+47)                 |
|------------------------------------------------------------|
| 1         | DIV_OP              | (sum+47)/                |
|------------------------------------------------------------|
| 1         | IDENT               | (sum+47)/total           |
|------------------------------------------------------------|
| 1         | RIGHT_PAREN         | (sum+47)/total)          |
|------------------------------------------------------------|
| 1         | EOF                 | EOF                      |
|------------------------------------------------------------|

ERROR: Unexpected closing parenthesis ')' on line 1.


Syntax check failed! The syntax of the program is incorrect.


END OF MAIN REPORT